==2898== drd, a thread error detector
==2898== Copyright (C) 2006-2015, and GNU GPL'd, by Bart Van Assche.
==2898== Using Valgrind-3.11.0 and LibVEX; rerun with -h for copyright info
==2898== Command: ./exemplo3
==2898== Parent PID: 2183
==2898== 
==2898== Thread 3:
==2898== Conflicting load by thread 3 at 0xffefffd20 size 4
==2898==    at 0x401626: Wallet::addMoney(int) (exemplo3.cpp:20)
==2898==    by 0x403B03: void std::_Mem_fn_base<void (Wallet::*)(int), true>::operator()<int, void>(Wallet*, int&&) const (in /home/matheus/Área de Trabalho/PAD/exemplo3)
==2898==    by 0x403A80: void std::_Bind_simple<std::_Mem_fn<void (Wallet::*)(int)> (Wallet*, int)>::_M_invoke<0ul, 1ul>(std::_Index_tuple<0ul, 1ul>) (functional:1531)
==2898==    by 0x403937: std::_Bind_simple<std::_Mem_fn<void (Wallet::*)(int)> (Wallet*, int)>::operator()() (functional:1520)
==2898==    by 0x4038C7: std::thread::_Impl<std::_Bind_simple<std::_Mem_fn<void (Wallet::*)(int)> (Wallet*, int)> >::_M_run() (thread:115)
==2898==    by 0x5121C7F: ??? (in /usr/lib/x86_64-linux-gnu/libstdc++.so.6.0.21)
==2898==    by 0x4C3458B: ??? (in /usr/lib/valgrind/vgpreload_drd-amd64-linux.so)
==2898==    by 0x4E536F9: start_thread (pthread_create.c:333)
==2898==    by 0x5707B5C: clone (clone.S:109)
==2898== Allocation context: unknown.
==2898== Other segment start (thread 2)
==2898==    (thread finished, call stack no longer available)
==2898== Other segment end (thread 2)
==2898==    (thread finished, call stack no longer available)
==2898== 
==2898== Conflicting store by thread 3 at 0xffefffd20 size 4
==2898==    at 0x40162F: Wallet::addMoney(int) (exemplo3.cpp:20)
==2898==    by 0x403B03: void std::_Mem_fn_base<void (Wallet::*)(int), true>::operator()<int, void>(Wallet*, int&&) const (in /home/matheus/Área de Trabalho/PAD/exemplo3)
==2898==    by 0x403A80: void std::_Bind_simple<std::_Mem_fn<void (Wallet::*)(int)> (Wallet*, int)>::_M_invoke<0ul, 1ul>(std::_Index_tuple<0ul, 1ul>) (functional:1531)
==2898==    by 0x403937: std::_Bind_simple<std::_Mem_fn<void (Wallet::*)(int)> (Wallet*, int)>::operator()() (functional:1520)
==2898==    by 0x4038C7: std::thread::_Impl<std::_Bind_simple<std::_Mem_fn<void (Wallet::*)(int)> (Wallet*, int)> >::_M_run() (thread:115)
==2898==    by 0x5121C7F: ??? (in /usr/lib/x86_64-linux-gnu/libstdc++.so.6.0.21)
==2898==    by 0x4C3458B: ??? (in /usr/lib/valgrind/vgpreload_drd-amd64-linux.so)
==2898==    by 0x4E536F9: start_thread (pthread_create.c:333)
==2898==    by 0x5707B5C: clone (clone.S:109)
==2898== Allocation context: unknown.
==2898== Other segment start (thread 2)
==2898==    (thread finished, call stack no longer available)
==2898== Other segment end (thread 2)
==2898==    (thread finished, call stack no longer available)
==2898== 
==2898== 
==2898== For counts of detected and suppressed errors, rerun with: -v
==2898== ERROR SUMMARY: 8000000 errors from 2 contexts (suppressed: 20 from 10)
