==7928== drd, a thread error detector
==7928== Copyright (C) 2006-2015, and GNU GPL'd, by Bart Van Assche.
==7928== Using Valgrind-3.11.0 and LibVEX; rerun with -h for copyright info
==7928== Command: ./exemplo5
==7928== Parent PID: 2183
==7928== 
==7928== Thread 3:
==7928== Conflicting load by thread 3 at 0xffefffd98 size 4
==7928==    at 0x40089F: main._omp_fn.0 (exemplo5.c:22)
==7928==    by 0x4E5B43D: ??? (in /usr/lib/x86_64-linux-gnu/libgomp.so.1.0.0)
==7928==    by 0x4C3458B: ??? (in /usr/lib/valgrind/vgpreload_drd-amd64-linux.so)
==7928==    by 0x50756F9: start_thread (pthread_create.c:333)
==7928==    by 0x5391B5C: clone (clone.S:109)
==7928== Allocation context: unknown.
==7928== Other segment start (thread 1)
==7928==    at 0x4C34AF3: pthread_create@* (in /usr/lib/valgrind/vgpreload_drd-amd64-linux.so)
==7928==    by 0x4E5B99F: ??? (in /usr/lib/x86_64-linux-gnu/libgomp.so.1.0.0)
==7928==    by 0x4E57CB9: GOMP_parallel (in /usr/lib/x86_64-linux-gnu/libgomp.so.1.0.0)
==7928==    by 0x40080C: main (exemplo5.c:18)
==7928== Other segment end (thread 1)
==7928==    at 0x4E5DD22: ??? (in /usr/lib/x86_64-linux-gnu/libgomp.so.1.0.0)
==7928==    by 0x4E5C888: ??? (in /usr/lib/x86_64-linux-gnu/libgomp.so.1.0.0)
==7928==    by 0x40080C: main (exemplo5.c:18)
==7928== 
==7928== Conflicting store by thread 3 at 0xffefffd98 size 4
==7928==    at 0x4008A8: main._omp_fn.0 (exemplo5.c:22)
==7928==    by 0x4E5B43D: ??? (in /usr/lib/x86_64-linux-gnu/libgomp.so.1.0.0)
==7928==    by 0x4C3458B: ??? (in /usr/lib/valgrind/vgpreload_drd-amd64-linux.so)
==7928==    by 0x50756F9: start_thread (pthread_create.c:333)
==7928==    by 0x5391B5C: clone (clone.S:109)
==7928== Allocation context: unknown.
==7928== Other segment start (thread 1)
==7928==    at 0x4C34AF3: pthread_create@* (in /usr/lib/valgrind/vgpreload_drd-amd64-linux.so)
==7928==    by 0x4E5B99F: ??? (in /usr/lib/x86_64-linux-gnu/libgomp.so.1.0.0)
==7928==    by 0x4E57CB9: GOMP_parallel (in /usr/lib/x86_64-linux-gnu/libgomp.so.1.0.0)
==7928==    by 0x40080C: main (exemplo5.c:18)
==7928== Other segment end (thread 1)
==7928==    at 0x4E5DD22: ??? (in /usr/lib/x86_64-linux-gnu/libgomp.so.1.0.0)
==7928==    by 0x4E5C888: ??? (in /usr/lib/x86_64-linux-gnu/libgomp.so.1.0.0)
==7928==    by 0x40080C: main (exemplo5.c:18)
==7928== 
==7928== Thread 1:
==7928== Conflicting load by thread 1 at 0xffefffd98 size 4
==7928==    at 0x400815: main (exemplo5.c:18)
==7928== Allocation context: unknown.
==7928== Other segment start (thread 2)
==7928==    at 0x5391B21: clone (clone.S:81)
==7928==    by 0x507562F: ??? (allocatestack.c:289)
==7928==    by 0x64586FF: ???
==7928== Other segment end (thread 2)
==7928==    at 0x4E5DB29: ??? (in /usr/lib/x86_64-linux-gnu/libgomp.so.1.0.0)
==7928==    by 0x4E5B417: ??? (in /usr/lib/x86_64-linux-gnu/libgomp.so.1.0.0)
==7928==    by 0x4C3458B: ??? (in /usr/lib/valgrind/vgpreload_drd-amd64-linux.so)
==7928==    by 0x50756F9: start_thread (pthread_create.c:333)
==7928==    by 0x5391B5C: clone (clone.S:109)
==7928== Other segment start (thread 3)
==7928==    at 0x5391B21: clone (clone.S:81)
==7928==    by 0x507562F: ??? (allocatestack.c:289)
==7928==    by 0x6C596FF: ???
==7928== Other segment end (thread 3)
==7928==    at 0x4E5DB29: ??? (in /usr/lib/x86_64-linux-gnu/libgomp.so.1.0.0)
==7928==    by 0x4E5B417: ??? (in /usr/lib/x86_64-linux-gnu/libgomp.so.1.0.0)
==7928==    by 0x4C3458B: ??? (in /usr/lib/valgrind/vgpreload_drd-amd64-linux.so)
==7928==    by 0x50756F9: start_thread (pthread_create.c:333)
==7928==    by 0x5391B5C: clone (clone.S:109)
==7928== Other segment start (thread 4)
==7928==    at 0x5391B21: clone (clone.S:81)
==7928==    by 0x507562F: ??? (allocatestack.c:289)
==7928==    by 0x745A6FF: ???
==7928== Other segment end (thread 4)
==7928==    at 0x4E5DCE9: ??? (in /usr/lib/x86_64-linux-gnu/libgomp.so.1.0.0)
==7928==    by 0x4E5B449: ??? (in /usr/lib/x86_64-linux-gnu/libgomp.so.1.0.0)
==7928==    by 0x4C3458B: ??? (in /usr/lib/valgrind/vgpreload_drd-amd64-linux.so)
==7928==    by 0x50756F9: start_thread (pthread_create.c:333)
==7928==    by 0x5391B5C: clone (clone.S:109)
==7928== 
==7928== 
==7928== For counts of detected and suppressed errors, rerun with: -v
==7928== ERROR SUMMARY: 150001 errors from 3 contexts (suppressed: 22582 from 24)
