==4048== drd, a thread error detector
==4048== Copyright (C) 2006-2015, and GNU GPL'd, by Bart Van Assche.
==4048== Using Valgrind-3.11.0 and LibVEX; rerun with -h for copyright info
==4048== Command: ./last_private
==4048== Parent PID: 3496
==4048== 
--4048-- warning: evaluate_Dwarf3_Expr: unhandled DW_OP_ 0xf2
--4048-- warning: evaluate_Dwarf3_Expr: unhandled DW_OP_ 0xf3
--4048-- warning: evaluate_Dwarf3_Expr: unhandled DW_OP_ 0xf3
--4048-- warning: evaluate_Dwarf3_Expr: unhandled DW_OP_ 0xf3
--4048-- warning: evaluate_Dwarf3_Expr: unhandled DW_OP_ 0xf3
--4048-- warning: evaluate_Dwarf3_Expr: unhandled DW_OP_ 0xf3
--4048-- warning: evaluate_Dwarf3_Expr: unhandled DW_OP_ 0xf3
==4048== Conflicting load by thread 1 at 0xffefffd94 size 4
==4048==    at 0x400969: main (last_private.c:32)
==4048== Allocation context: unknown.
==4048== Other segment start (thread 4)
==4048==    at 0x5391B21: clone (clone.S:81)
==4048==    by 0x507562F: ??? (allocatestack.c:289)
==4048==    by 0x745A6FF: ???
==4048== Other segment end (thread 4)
==4048==    at 0x4E5DB29: ??? (in /usr/lib/x86_64-linux-gnu/libgomp.so.1.0.0)
==4048==    by 0x4E5B417: ??? (in /usr/lib/x86_64-linux-gnu/libgomp.so.1.0.0)
==4048==    by 0x4C3458B: ??? (in /usr/lib/valgrind/vgpreload_drd-amd64-linux.so)
==4048==    by 0x50756F9: start_thread (pthread_create.c:333)
==4048==    by 0x5391B5C: clone (clone.S:109)
==4048== 
==4048== 
==4048== For counts of detected and suppressed errors, rerun with: -v
==4048== ERROR SUMMARY: 1 errors from 1 contexts (suppressed: 116371 from 28)
