==4025== drd, a thread error detector
==4025== Copyright (C) 2006-2015, and GNU GPL'd, by Bart Van Assche.
==4025== Using Valgrind-3.11.0 and LibVEX; rerun with -h for copyright info
==4025== Command: ./prime_omp
==4025== Parent PID: 3496
==4025== 
==4025== Thread 2:
--4025-- warning: evaluate_Dwarf3_Expr: unhandled DW_OP_ 0xf2
==4025== Conflicting load by thread 2 at 0x006010b0 size 4
==4025==    at 0x400929: is_prime (in /home/matheus/Área de Trabalho/PAD/prime_omp)
==4025==    by 0x400AB0: main._omp_fn.0 (in /home/matheus/Área de Trabalho/PAD/prime_omp)
==4025==    by 0x516443D: ??? (in /usr/lib/x86_64-linux-gnu/libgomp.so.1.0.0)
==4025==    by 0x4C3458B: ??? (in /usr/lib/valgrind/vgpreload_drd-amd64-linux.so)
==4025==    by 0x537E6F9: start_thread (pthread_create.c:333)
==4025==    by 0x569AB5C: clone (clone.S:109)
==4025== Allocation context: BSS section of /home/matheus/Área de Trabalho/PAD/prime_omp
==4025== Other segment start (thread 1)
==4025==    at 0x4C34AF3: pthread_create@* (in /usr/lib/valgrind/vgpreload_drd-amd64-linux.so)
==4025==    by 0x516499F: ??? (in /usr/lib/x86_64-linux-gnu/libgomp.so.1.0.0)
==4025==    by 0x5160CB9: GOMP_parallel (in /usr/lib/x86_64-linux-gnu/libgomp.so.1.0.0)
==4025==    by 0x4009F0: main (in /home/matheus/Área de Trabalho/PAD/prime_omp)
==4025== Other segment end (thread 1)
==4025==    at 0x5166D22: ??? (in /usr/lib/x86_64-linux-gnu/libgomp.so.1.0.0)
==4025==    by 0x5165888: ??? (in /usr/lib/x86_64-linux-gnu/libgomp.so.1.0.0)
==4025==    by 0x4009F0: main (in /home/matheus/Área de Trabalho/PAD/prime_omp)
==4025== 
--4025-- warning: evaluate_Dwarf3_Expr: unhandled DW_OP_ 0xf2
--4025-- warning: evaluate_Dwarf3_Expr: unhandled DW_OP_ 0xf3
--4025-- warning: evaluate_Dwarf3_Expr: unhandled DW_OP_ 0xf3
--4025-- warning: evaluate_Dwarf3_Expr: unhandled DW_OP_ 0xf3
--4025-- warning: evaluate_Dwarf3_Expr: unhandled DW_OP_ 0xf3
--4025-- warning: evaluate_Dwarf3_Expr: unhandled DW_OP_ 0xf3
--4025-- warning: evaluate_Dwarf3_Expr: unhandled DW_OP_ 0xf3
==4025== Conflicting load by thread 2 at 0xffefffd90 size 4
==4025==    at 0x400AC4: main._omp_fn.0 (in /home/matheus/Área de Trabalho/PAD/prime_omp)
==4025==    by 0x516443D: ??? (in /usr/lib/x86_64-linux-gnu/libgomp.so.1.0.0)
==4025==    by 0x4C3458B: ??? (in /usr/lib/valgrind/vgpreload_drd-amd64-linux.so)
==4025==    by 0x537E6F9: start_thread (pthread_create.c:333)
==4025==    by 0x569AB5C: clone (clone.S:109)
==4025== Allocation context: unknown.
==4025== Other segment start (thread 1)
==4025==    at 0x4C34AF3: pthread_create@* (in /usr/lib/valgrind/vgpreload_drd-amd64-linux.so)
==4025==    by 0x516499F: ??? (in /usr/lib/x86_64-linux-gnu/libgomp.so.1.0.0)
==4025==    by 0x5160CB9: GOMP_parallel (in /usr/lib/x86_64-linux-gnu/libgomp.so.1.0.0)
==4025==    by 0x4009F0: main (in /home/matheus/Área de Trabalho/PAD/prime_omp)
==4025== Other segment end (thread 1)
==4025==    at 0x5166D22: ??? (in /usr/lib/x86_64-linux-gnu/libgomp.so.1.0.0)
==4025==    by 0x5165888: ??? (in /usr/lib/x86_64-linux-gnu/libgomp.so.1.0.0)
==4025==    by 0x4009F0: main (in /home/matheus/Área de Trabalho/PAD/prime_omp)
==4025== 
--4025-- warning: evaluate_Dwarf3_Expr: unhandled DW_OP_ 0xf2
--4025-- warning: evaluate_Dwarf3_Expr: unhandled DW_OP_ 0xf3
--4025-- warning: evaluate_Dwarf3_Expr: unhandled DW_OP_ 0xf3
--4025-- warning: evaluate_Dwarf3_Expr: unhandled DW_OP_ 0xf3
--4025-- warning: evaluate_Dwarf3_Expr: unhandled DW_OP_ 0xf3
--4025-- warning: evaluate_Dwarf3_Expr: unhandled DW_OP_ 0xf3
--4025-- warning: evaluate_Dwarf3_Expr: unhandled DW_OP_ 0xf3
==4025== Conflicting load by thread 2 at 0xffefffd90 size 4
==4025==    at 0x400AD6: main._omp_fn.0 (in /home/matheus/Área de Trabalho/PAD/prime_omp)
==4025==    by 0x516443D: ??? (in /usr/lib/x86_64-linux-gnu/libgomp.so.1.0.0)
==4025==    by 0x4C3458B: ??? (in /usr/lib/valgrind/vgpreload_drd-amd64-linux.so)
==4025==    by 0x537E6F9: start_thread (pthread_create.c:333)
==4025==    by 0x569AB5C: clone (clone.S:109)
==4025== Allocation context: unknown.
==4025== Other segment start (thread 1)
==4025==    at 0x4C34AF3: pthread_create@* (in /usr/lib/valgrind/vgpreload_drd-amd64-linux.so)
==4025==    by 0x516499F: ??? (in /usr/lib/x86_64-linux-gnu/libgomp.so.1.0.0)
==4025==    by 0x5160CB9: GOMP_parallel (in /usr/lib/x86_64-linux-gnu/libgomp.so.1.0.0)
==4025==    by 0x4009F0: main (in /home/matheus/Área de Trabalho/PAD/prime_omp)
==4025== Other segment end (thread 1)
==4025==    at 0x5166D22: ??? (in /usr/lib/x86_64-linux-gnu/libgomp.so.1.0.0)
==4025==    by 0x5165888: ??? (in /usr/lib/x86_64-linux-gnu/libgomp.so.1.0.0)
==4025==    by 0x4009F0: main (in /home/matheus/Área de Trabalho/PAD/prime_omp)
==4025== 
--4025-- warning: evaluate_Dwarf3_Expr: unhandled DW_OP_ 0xf2
--4025-- warning: evaluate_Dwarf3_Expr: unhandled DW_OP_ 0xf3
--4025-- warning: evaluate_Dwarf3_Expr: unhandled DW_OP_ 0xf3
--4025-- warning: evaluate_Dwarf3_Expr: unhandled DW_OP_ 0xf3
--4025-- warning: evaluate_Dwarf3_Expr: unhandled DW_OP_ 0xf3
--4025-- warning: evaluate_Dwarf3_Expr: unhandled DW_OP_ 0xf3
--4025-- warning: evaluate_Dwarf3_Expr: unhandled DW_OP_ 0xf3
==4025== Conflicting store by thread 2 at 0xffefffd90 size 4
==4025==    at 0x400ADF: main._omp_fn.0 (in /home/matheus/Área de Trabalho/PAD/prime_omp)
==4025==    by 0x516443D: ??? (in /usr/lib/x86_64-linux-gnu/libgomp.so.1.0.0)
==4025==    by 0x4C3458B: ??? (in /usr/lib/valgrind/vgpreload_drd-amd64-linux.so)
==4025==    by 0x537E6F9: start_thread (pthread_create.c:333)
==4025==    by 0x569AB5C: clone (clone.S:109)
==4025== Allocation context: unknown.
==4025== Other segment start (thread 1)
==4025==    at 0x4C34AF3: pthread_create@* (in /usr/lib/valgrind/vgpreload_drd-amd64-linux.so)
==4025==    by 0x516499F: ??? (in /usr/lib/x86_64-linux-gnu/libgomp.so.1.0.0)
==4025==    by 0x5160CB9: GOMP_parallel (in /usr/lib/x86_64-linux-gnu/libgomp.so.1.0.0)
==4025==    by 0x4009F0: main (in /home/matheus/Área de Trabalho/PAD/prime_omp)
==4025== Other segment end (thread 1)
==4025==    at 0x5166D22: ??? (in /usr/lib/x86_64-linux-gnu/libgomp.so.1.0.0)
==4025==    by 0x5165888: ??? (in /usr/lib/x86_64-linux-gnu/libgomp.so.1.0.0)
==4025==    by 0x4009F0: main (in /home/matheus/Área de Trabalho/PAD/prime_omp)
==4025== 
==4025== Thread 1:
--4025-- warning: evaluate_Dwarf3_Expr: unhandled DW_OP_ 0xf2
--4025-- warning: evaluate_Dwarf3_Expr: unhandled DW_OP_ 0xf3
--4025-- warning: evaluate_Dwarf3_Expr: unhandled DW_OP_ 0xf3
--4025-- warning: evaluate_Dwarf3_Expr: unhandled DW_OP_ 0xf3
--4025-- warning: evaluate_Dwarf3_Expr: unhandled DW_OP_ 0xf3
--4025-- warning: evaluate_Dwarf3_Expr: unhandled DW_OP_ 0xf3
--4025-- warning: evaluate_Dwarf3_Expr: unhandled DW_OP_ 0xf3
==4025== Conflicting load by thread 1 at 0xffefffd90 size 4
==4025==    at 0x4009F1: main (in /home/matheus/Área de Trabalho/PAD/prime_omp)
==4025== Allocation context: unknown.
==4025== Other segment start (thread 2)
==4025==    at 0x569AB21: clone (clone.S:81)
==4025==    by 0x537E62F: ??? (allocatestack.c:289)
==4025==    by 0x67616FF: ???
==4025== Other segment end (thread 2)
==4025==    at 0x5166B29: ??? (in /usr/lib/x86_64-linux-gnu/libgomp.so.1.0.0)
==4025==    by 0x5164417: ??? (in /usr/lib/x86_64-linux-gnu/libgomp.so.1.0.0)
==4025==    by 0x4C3458B: ??? (in /usr/lib/valgrind/vgpreload_drd-amd64-linux.so)
==4025==    by 0x537E6F9: start_thread (pthread_create.c:333)
==4025==    by 0x569AB5C: clone (clone.S:109)
==4025== Other segment start (thread 3)
==4025==    at 0x569AB21: clone (clone.S:81)
==4025==    by 0x537E62F: ??? (allocatestack.c:289)
==4025==    by 0x6F626FF: ???
==4025== Other segment end (thread 3)
==4025==    at 0x5166B29: ??? (in /usr/lib/x86_64-linux-gnu/libgomp.so.1.0.0)
==4025==    by 0x5164417: ??? (in /usr/lib/x86_64-linux-gnu/libgomp.so.1.0.0)
==4025==    by 0x4C3458B: ??? (in /usr/lib/valgrind/vgpreload_drd-amd64-linux.so)
==4025==    by 0x537E6F9: start_thread (pthread_create.c:333)
==4025==    by 0x569AB5C: clone (clone.S:109)
==4025== Other segment start (thread 4)
==4025==    at 0x569AB21: clone (clone.S:81)
==4025==    by 0x537E62F: ??? (allocatestack.c:289)
==4025==    by 0x77636FF: ???
==4025== Other segment end (thread 4)
==4025==    at 0x5166B29: ??? (in /usr/lib/x86_64-linux-gnu/libgomp.so.1.0.0)
==4025==    by 0x5164417: ??? (in /usr/lib/x86_64-linux-gnu/libgomp.so.1.0.0)
==4025==    by 0x4C3458B: ??? (in /usr/lib/valgrind/vgpreload_drd-amd64-linux.so)
==4025==    by 0x537E6F9: start_thread (pthread_create.c:333)
==4025==    by 0x569AB5C: clone (clone.S:109)
==4025== 
--4025-- warning: evaluate_Dwarf3_Expr: unhandled DW_OP_ 0xf2
==4025== Conflicting load by thread 1 at 0x00604194 size 4
==4025==    at 0x400A1E: main (in /home/matheus/Área de Trabalho/PAD/prime_omp)
==4025== Allocation context: BSS section of /home/matheus/Área de Trabalho/PAD/prime_omp
==4025== Other segment start (thread 2)
==4025==    at 0x569AB21: clone (clone.S:81)
==4025==    by 0x537E62F: ??? (allocatestack.c:289)
==4025==    by 0x67616FF: ???
==4025== Other segment end (thread 2)
==4025==    at 0x5166B4F: ??? (in /usr/lib/x86_64-linux-gnu/libgomp.so.1.0.0)
==4025==    by 0x5164417: ??? (in /usr/lib/x86_64-linux-gnu/libgomp.so.1.0.0)
==4025==    by 0x4C3458B: ??? (in /usr/lib/valgrind/vgpreload_drd-amd64-linux.so)
==4025==    by 0x537E6F9: start_thread (pthread_create.c:333)
==4025==    by 0x569AB5C: clone (clone.S:109)
==4025== 
==4025== 
==4025== For counts of detected and suppressed errors, rerun with: -v
==4025== ERROR SUMMARY: 12362 errors from 6 contexts (suppressed: 900051 from 33)
