==4042== drd, a thread error detector
==4042== Copyright (C) 2006-2015, and GNU GPL'd, by Bart Van Assche.
==4042== Using Valgrind-3.11.0 and LibVEX; rerun with -h for copyright info
==4042== Command: ./programa1
==4042== Parent PID: 3496
==4042== 
==4042== Thread 2:
--4042-- warning: evaluate_Dwarf3_Expr: unhandled DW_OP_ 0xf2
==4042== Conflicting store by thread 2 at 0xffefffd94 size 4
==4042==    at 0x40098C: main._omp_fn.0 (programa1.c:14)
==4042==    by 0x4E5B43D: ??? (in /usr/lib/x86_64-linux-gnu/libgomp.so.1.0.0)
==4042==    by 0x4C3458B: ??? (in /usr/lib/valgrind/vgpreload_drd-amd64-linux.so)
==4042==    by 0x50756F9: start_thread (pthread_create.c:333)
==4042==    by 0x5391B5C: clone (clone.S:109)
==4042== Location 0xffefffd94 is 0 bytes inside local var "tid"
==4042== declared at programa1.c:7, in frame #1 of thread 1
==4042== Other segment start (thread 1)
==4042==    at 0x4C34AF3: pthread_create@* (in /usr/lib/valgrind/vgpreload_drd-amd64-linux.so)
==4042==    by 0x4E5B99F: ??? (in /usr/lib/x86_64-linux-gnu/libgomp.so.1.0.0)
==4042==    by 0x4E57CB9: GOMP_parallel (in /usr/lib/x86_64-linux-gnu/libgomp.so.1.0.0)
==4042==    by 0x400934: main (programa1.c:11)
==4042== Other segment end (thread 1)
==4042==    at 0x4E5DCE9: ??? (in /usr/lib/x86_64-linux-gnu/libgomp.so.1.0.0)
==4042==    by 0x4009BA: main._omp_fn.0 (programa1.c:22)
==4042==    by 0x4E57CBE: GOMP_parallel (in /usr/lib/x86_64-linux-gnu/libgomp.so.1.0.0)
==4042==    by 0x400934: main (programa1.c:11)
==4042== 
--4042-- warning: evaluate_Dwarf3_Expr: unhandled DW_OP_ 0xf2
==4042== Conflicting load by thread 2 at 0xffefffd94 size 4
==4042==    at 0x400993: main._omp_fn.0 (programa1.c:16)
==4042==    by 0x4E5B43D: ??? (in /usr/lib/x86_64-linux-gnu/libgomp.so.1.0.0)
==4042==    by 0x4C3458B: ??? (in /usr/lib/valgrind/vgpreload_drd-amd64-linux.so)
==4042==    by 0x50756F9: start_thread (pthread_create.c:333)
==4042==    by 0x5391B5C: clone (clone.S:109)
==4042== Location 0xffefffd94 is 0 bytes inside local var "tid"
==4042== declared at programa1.c:7, in frame #1 of thread 1
==4042== Other segment start (thread 1)
==4042==    at 0x4C34AF3: pthread_create@* (in /usr/lib/valgrind/vgpreload_drd-amd64-linux.so)
==4042==    by 0x4E5B99F: ??? (in /usr/lib/x86_64-linux-gnu/libgomp.so.1.0.0)
==4042==    by 0x4E57CB9: GOMP_parallel (in /usr/lib/x86_64-linux-gnu/libgomp.so.1.0.0)
==4042==    by 0x400934: main (programa1.c:11)
==4042== Other segment end (thread 1)
==4042==    at 0x4E5DCE9: ??? (in /usr/lib/x86_64-linux-gnu/libgomp.so.1.0.0)
==4042==    by 0x4009BA: main._omp_fn.0 (programa1.c:22)
==4042==    by 0x4E57CBE: GOMP_parallel (in /usr/lib/x86_64-linux-gnu/libgomp.so.1.0.0)
==4042==    by 0x400934: main (programa1.c:11)
==4042== 
--4042-- warning: evaluate_Dwarf3_Expr: unhandled DW_OP_ 0xf2
==4042== Conflicting load by thread 2 at 0xffefffd94 size 4
==4042==    at 0x4009A2: main._omp_fn.0 (programa1.c:20)
==4042==    by 0x4E5B43D: ??? (in /usr/lib/x86_64-linux-gnu/libgomp.so.1.0.0)
==4042==    by 0x4C3458B: ??? (in /usr/lib/valgrind/vgpreload_drd-amd64-linux.so)
==4042==    by 0x50756F9: start_thread (pthread_create.c:333)
==4042==    by 0x5391B5C: clone (clone.S:109)
==4042== Location 0xffefffd94 is 0 bytes inside local var "tid"
==4042== declared at programa1.c:7, in frame #1 of thread 1
==4042== Other segment start (thread 1)
==4042==    at 0x4C34AF3: pthread_create@* (in /usr/lib/valgrind/vgpreload_drd-amd64-linux.so)
==4042==    by 0x4E5B99F: ??? (in /usr/lib/x86_64-linux-gnu/libgomp.so.1.0.0)
==4042==    by 0x4E57CB9: GOMP_parallel (in /usr/lib/x86_64-linux-gnu/libgomp.so.1.0.0)
==4042==    by 0x400934: main (programa1.c:11)
==4042== Other segment end (thread 1)
==4042==    at 0x4E5DCE9: ??? (in /usr/lib/x86_64-linux-gnu/libgomp.so.1.0.0)
==4042==    by 0x4009BA: main._omp_fn.0 (programa1.c:22)
==4042==    by 0x4E57CBE: GOMP_parallel (in /usr/lib/x86_64-linux-gnu/libgomp.so.1.0.0)
==4042==    by 0x400934: main (programa1.c:11)
==4042== 
--4042-- warning: evaluate_Dwarf3_Expr: unhandled DW_OP_ 0xf2
==4042== Conflicting store by thread 2 at 0x05858d96 size 1
==4042==    at 0x4C4506C: __GI_mempcpy (in /usr/lib/valgrind/vgpreload_drd-amd64-linux.so)
==4042==    by 0x5304171: _IO_file_xsputn@@GLIBC_2.2.5 (fileops.c:1319)
==4042==    by 0x52D8200: vfprintf (vfprintf.c:1320)
==4042==    by 0x52E0848: printf (printf.c:33)
==4042==    by 0x4009B5: main._omp_fn.0 (programa1.c:20)
==4042==    by 0x4E5B43D: ??? (in /usr/lib/x86_64-linux-gnu/libgomp.so.1.0.0)
==4042==    by 0x4C3458B: ??? (in /usr/lib/valgrind/vgpreload_drd-amd64-linux.so)
==4042==    by 0x50756F9: start_thread (pthread_create.c:333)
==4042==    by 0x5391B5C: clone (clone.S:109)
==4042== Address 0x5858d96 is at offset 6 from 0x5858d90. Allocation context:
==4042==    at 0x4C30FAF: malloc (in /usr/lib/valgrind/vgpreload_drd-amd64-linux.so)
==4042==    by 0x52F8184: _IO_file_doallocate (filedoalloc.c:127)
==4042==    by 0x53064C3: _IO_doallocbuf (genops.c:398)
==4042==    by 0x5305827: _IO_file_overflow@@GLIBC_2.2.5 (fileops.c:820)
==4042==    by 0x53041BC: _IO_file_xsputn@@GLIBC_2.2.5 (fileops.c:1331)
==4042==    by 0x52D8200: vfprintf (vfprintf.c:1320)
==4042==    by 0x52E0848: printf (printf.c:33)
==4042==    by 0x400AA5: main._omp_fn.0 (programa1.c:18)
==4042==    by 0x4E57CBE: GOMP_parallel (in /usr/lib/x86_64-linux-gnu/libgomp.so.1.0.0)
==4042==    by 0x400934: main (programa1.c:11)
==4042== Other segment start (thread 1)
==4042==    at 0x4C34AF3: pthread_create@* (in /usr/lib/valgrind/vgpreload_drd-amd64-linux.so)
==4042==    by 0x4E5B99F: ??? (in /usr/lib/x86_64-linux-gnu/libgomp.so.1.0.0)
==4042==    by 0x4E57CB9: GOMP_parallel (in /usr/lib/x86_64-linux-gnu/libgomp.so.1.0.0)
==4042==    by 0x400934: main (programa1.c:11)
==4042== Other segment end (thread 1)
==4042==    at 0x4E5DCE9: ??? (in /usr/lib/x86_64-linux-gnu/libgomp.so.1.0.0)
==4042==    by 0x4009BA: main._omp_fn.0 (programa1.c:22)
==4042==    by 0x4E57CBE: GOMP_parallel (in /usr/lib/x86_64-linux-gnu/libgomp.so.1.0.0)
==4042==    by 0x400934: main (programa1.c:11)
==4042== 
--4042-- warning: evaluate_Dwarf3_Expr: unhandled DW_OP_ 0xf2
==4042== Conflicting store by thread 2 at 0x05858d97 size 1
==4042==    at 0x4C4508C: __GI_mempcpy (in /usr/lib/valgrind/vgpreload_drd-amd64-linux.so)
==4042==    by 0x5304171: _IO_file_xsputn@@GLIBC_2.2.5 (fileops.c:1319)
==4042==    by 0x52D8DBF: vfprintf (vfprintf.c:1631)
==4042==    by 0x52E0848: printf (printf.c:33)
==4042==    by 0x4009B5: main._omp_fn.0 (programa1.c:20)
==4042==    by 0x4E5B43D: ??? (in /usr/lib/x86_64-linux-gnu/libgomp.so.1.0.0)
==4042==    by 0x4C3458B: ??? (in /usr/lib/valgrind/vgpreload_drd-amd64-linux.so)
==4042==    by 0x50756F9: start_thread (pthread_create.c:333)
==4042==    by 0x5391B5C: clone (clone.S:109)
==4042== Address 0x5858d97 is at offset 7 from 0x5858d90. Allocation context:
==4042==    at 0x4C30FAF: malloc (in /usr/lib/valgrind/vgpreload_drd-amd64-linux.so)
==4042==    by 0x52F8184: _IO_file_doallocate (filedoalloc.c:127)
==4042==    by 0x53064C3: _IO_doallocbuf (genops.c:398)
==4042==    by 0x5305827: _IO_file_overflow@@GLIBC_2.2.5 (fileops.c:820)
==4042==    by 0x53041BC: _IO_file_xsputn@@GLIBC_2.2.5 (fileops.c:1331)
==4042==    by 0x52D8200: vfprintf (vfprintf.c:1320)
==4042==    by 0x52E0848: printf (printf.c:33)
==4042==    by 0x400AA5: main._omp_fn.0 (programa1.c:18)
==4042==    by 0x4E57CBE: GOMP_parallel (in /usr/lib/x86_64-linux-gnu/libgomp.so.1.0.0)
==4042==    by 0x400934: main (programa1.c:11)
==4042== Other segment start (thread 1)
==4042==    at 0x4C34AF3: pthread_create@* (in /usr/lib/valgrind/vgpreload_drd-amd64-linux.so)
==4042==    by 0x4E5B99F: ??? (in /usr/lib/x86_64-linux-gnu/libgomp.so.1.0.0)
==4042==    by 0x4E57CB9: GOMP_parallel (in /usr/lib/x86_64-linux-gnu/libgomp.so.1.0.0)
==4042==    by 0x400934: main (programa1.c:11)
==4042== Other segment end (thread 1)
==4042==    at 0x4E5DCE9: ??? (in /usr/lib/x86_64-linux-gnu/libgomp.so.1.0.0)
==4042==    by 0x4009BA: main._omp_fn.0 (programa1.c:22)
==4042==    by 0x4E57CBE: GOMP_parallel (in /usr/lib/x86_64-linux-gnu/libgomp.so.1.0.0)
==4042==    by 0x400934: main (programa1.c:11)
==4042== 
--4042-- warning: evaluate_Dwarf3_Expr: unhandled DW_OP_ 0xf2
==4042== Conflicting store by thread 2 at 0x05858da7 size 1
==4042==    at 0x4C4506C: __GI_mempcpy (in /usr/lib/valgrind/vgpreload_drd-amd64-linux.so)
==4042==    by 0x5304171: _IO_file_xsputn@@GLIBC_2.2.5 (fileops.c:1319)
==4042==    by 0x52D88EC: vfprintf (vfprintf.c:1663)
==4042==    by 0x52E0848: printf (printf.c:33)
==4042==    by 0x4009B5: main._omp_fn.0 (programa1.c:20)
==4042==    by 0x4E5B43D: ??? (in /usr/lib/x86_64-linux-gnu/libgomp.so.1.0.0)
==4042==    by 0x4C3458B: ??? (in /usr/lib/valgrind/vgpreload_drd-amd64-linux.so)
==4042==    by 0x50756F9: start_thread (pthread_create.c:333)
==4042==    by 0x5391B5C: clone (clone.S:109)
==4042== Address 0x5858da7 is at offset 23 from 0x5858d90. Allocation context:
==4042==    at 0x4C30FAF: malloc (in /usr/lib/valgrind/vgpreload_drd-amd64-linux.so)
==4042==    by 0x52F8184: _IO_file_doallocate (filedoalloc.c:127)
==4042==    by 0x53064C3: _IO_doallocbuf (genops.c:398)
==4042==    by 0x5305827: _IO_file_overflow@@GLIBC_2.2.5 (fileops.c:820)
==4042==    by 0x53041BC: _IO_file_xsputn@@GLIBC_2.2.5 (fileops.c:1331)
==4042==    by 0x52D8200: vfprintf (vfprintf.c:1320)
==4042==    by 0x52E0848: printf (printf.c:33)
==4042==    by 0x400AA5: main._omp_fn.0 (programa1.c:18)
==4042==    by 0x4E57CBE: GOMP_parallel (in /usr/lib/x86_64-linux-gnu/libgomp.so.1.0.0)
==4042==    by 0x400934: main (programa1.c:11)
==4042== Other segment start (thread 1)
==4042==    at 0x4C34AF3: pthread_create@* (in /usr/lib/valgrind/vgpreload_drd-amd64-linux.so)
==4042==    by 0x4E5B99F: ??? (in /usr/lib/x86_64-linux-gnu/libgomp.so.1.0.0)
==4042==    by 0x4E57CB9: GOMP_parallel (in /usr/lib/x86_64-linux-gnu/libgomp.so.1.0.0)
==4042==    by 0x400934: main (programa1.c:11)
==4042== Other segment end (thread 1)
==4042==    at 0x4E5DCE9: ??? (in /usr/lib/x86_64-linux-gnu/libgomp.so.1.0.0)
==4042==    by 0x4009BA: main._omp_fn.0 (programa1.c:22)
==4042==    by 0x4E57CBE: GOMP_parallel (in /usr/lib/x86_64-linux-gnu/libgomp.so.1.0.0)
==4042==    by 0x400934: main (programa1.c:11)
==4042== 
--4042-- warning: evaluate_Dwarf3_Expr: unhandled DW_OP_ 0xf2
==4042== Conflicting store by thread 2 at 0xffefffd98 size 4
==4042==    at 0x4009C3: main._omp_fn.0 (programa1.c:25)
==4042==    by 0x4E5B43D: ??? (in /usr/lib/x86_64-linux-gnu/libgomp.so.1.0.0)
==4042==    by 0x4C3458B: ??? (in /usr/lib/valgrind/vgpreload_drd-amd64-linux.so)
==4042==    by 0x50756F9: start_thread (pthread_create.c:333)
==4042==    by 0x5391B5C: clone (clone.S:109)
==4042== Location 0xffefffd98 is 0 bytes inside local var "total"
==4042== declared at programa1.c:8, in frame #1 of thread 1
==4042== Other segment start (thread 3)
==4042==    at 0x5391B21: clone (clone.S:81)
==4042==    by 0x507562F: ??? (allocatestack.c:289)
==4042==    by 0x6C596FF: ???
==4042== Other segment end (thread 3)
==4042==    at 0x4E5DCE9: ??? (in /usr/lib/x86_64-linux-gnu/libgomp.so.1.0.0)
==4042==    by 0x4E5CD89: ??? (in /usr/lib/x86_64-linux-gnu/libgomp.so.1.0.0)
==4042==    by 0x400A4B: main._omp_fn.0 (programa1.c:28)
==4042==    by 0x4E5B43D: ??? (in /usr/lib/x86_64-linux-gnu/libgomp.so.1.0.0)
==4042==    by 0x4C3458B: ??? (in /usr/lib/valgrind/vgpreload_drd-amd64-linux.so)
==4042==    by 0x50756F9: start_thread (pthread_create.c:333)
==4042==    by 0x5391B5C: clone (clone.S:109)
==4042== 
==4042== Thread 1:
--4042-- warning: evaluate_Dwarf3_Expr: unhandled DW_OP_ 0xf2
==4042== Conflicting store by thread 1 at 0xffefffd98 size 4
==4042==    at 0x4009C3: main._omp_fn.0 (programa1.c:25)
==4042==    by 0x4E57CBE: GOMP_parallel (in /usr/lib/x86_64-linux-gnu/libgomp.so.1.0.0)
==4042==    by 0x400934: main (programa1.c:11)
==4042== Location 0xffefffd98 is 0 bytes inside local var "total"
==4042== declared at programa1.c:8, in frame #0 of thread 1
==4042== Other segment start (thread 2)
==4042==    at 0x5391B21: clone (clone.S:81)
==4042==    by 0x507562F: ??? (allocatestack.c:289)
==4042==    by 0x64586FF: ???
==4042== Other segment end (thread 2)
==4042==    at 0x4E5DCE9: ??? (in /usr/lib/x86_64-linux-gnu/libgomp.so.1.0.0)
==4042==    by 0x4E5CD89: ??? (in /usr/lib/x86_64-linux-gnu/libgomp.so.1.0.0)
==4042==    by 0x400A4B: main._omp_fn.0 (programa1.c:28)
==4042==    by 0x4E5B43D: ??? (in /usr/lib/x86_64-linux-gnu/libgomp.so.1.0.0)
==4042==    by 0x4C3458B: ??? (in /usr/lib/valgrind/vgpreload_drd-amd64-linux.so)
==4042==    by 0x50756F9: start_thread (pthread_create.c:333)
==4042==    by 0x5391B5C: clone (clone.S:109)
==4042== Other segment start (thread 3)
==4042==    at 0x5391B21: clone (clone.S:81)
==4042==    by 0x507562F: ??? (allocatestack.c:289)
==4042==    by 0x6C596FF: ???
==4042== Other segment end (thread 3)
==4042==    at 0x4E5DCE9: ??? (in /usr/lib/x86_64-linux-gnu/libgomp.so.1.0.0)
==4042==    by 0x4E5CD89: ??? (in /usr/lib/x86_64-linux-gnu/libgomp.so.1.0.0)
==4042==    by 0x400A4B: main._omp_fn.0 (programa1.c:28)
==4042==    by 0x4E5B43D: ??? (in /usr/lib/x86_64-linux-gnu/libgomp.so.1.0.0)
==4042==    by 0x4C3458B: ??? (in /usr/lib/valgrind/vgpreload_drd-amd64-linux.so)
==4042==    by 0x50756F9: start_thread (pthread_create.c:333)
==4042==    by 0x5391B5C: clone (clone.S:109)
==4042== 
==4042== Thread 4:
--4042-- warning: evaluate_Dwarf3_Expr: unhandled DW_OP_ 0xf2
==4042== Conflicting load by thread 4 at 0xffefffd98 size 4
==4042==    at 0x400A50: main._omp_fn.0 (programa1.c:30)
==4042==    by 0x4E5B43D: ??? (in /usr/lib/x86_64-linux-gnu/libgomp.so.1.0.0)
==4042==    by 0x4C3458B: ??? (in /usr/lib/valgrind/vgpreload_drd-amd64-linux.so)
==4042==    by 0x50756F9: start_thread (pthread_create.c:333)
==4042==    by 0x5391B5C: clone (clone.S:109)
==4042== Location 0xffefffd98 is 0 bytes inside local var "total"
==4042== declared at programa1.c:8, in frame #2 of thread 1
==4042== Other segment start (thread 1)
==4042==    at 0x4C34AF3: pthread_create@* (in /usr/lib/valgrind/vgpreload_drd-amd64-linux.so)
==4042==    by 0x4E5B99F: ??? (in /usr/lib/x86_64-linux-gnu/libgomp.so.1.0.0)
==4042==    by 0x4E57CB9: GOMP_parallel (in /usr/lib/x86_64-linux-gnu/libgomp.so.1.0.0)
==4042==    by 0x400934: main (programa1.c:11)
==4042== Other segment end (thread 1)
==4042==    at 0x4E5DCE9: ??? (in /usr/lib/x86_64-linux-gnu/libgomp.so.1.0.0)
==4042==    by 0x4E5CD89: ??? (in /usr/lib/x86_64-linux-gnu/libgomp.so.1.0.0)
==4042==    by 0x400A4B: main._omp_fn.0 (programa1.c:28)
==4042==    by 0x4E57CBE: GOMP_parallel (in /usr/lib/x86_64-linux-gnu/libgomp.so.1.0.0)
==4042==    by 0x400934: main (programa1.c:11)
==4042== Other segment start (thread 2)
==4042==    at 0x5391B21: clone (clone.S:81)
==4042==    by 0x507562F: ??? (allocatestack.c:289)
==4042==    by 0x64586FF: ???
==4042== Other segment end (thread 2)
==4042==    at 0x4E5DCE9: ??? (in /usr/lib/x86_64-linux-gnu/libgomp.so.1.0.0)
==4042==    by 0x4E5CD89: ??? (in /usr/lib/x86_64-linux-gnu/libgomp.so.1.0.0)
==4042==    by 0x400A4B: main._omp_fn.0 (programa1.c:28)
==4042==    by 0x4E5B43D: ??? (in /usr/lib/x86_64-linux-gnu/libgomp.so.1.0.0)
==4042==    by 0x4C3458B: ??? (in /usr/lib/valgrind/vgpreload_drd-amd64-linux.so)
==4042==    by 0x50756F9: start_thread (pthread_create.c:333)
==4042==    by 0x5391B5C: clone (clone.S:109)
==4042== Other segment start (thread 3)
==4042==    at 0x5391B21: clone (clone.S:81)
==4042==    by 0x507562F: ??? (allocatestack.c:289)
==4042==    by 0x6C596FF: ???
==4042== Other segment end (thread 3)
==4042==    at 0x4E5DCE9: ??? (in /usr/lib/x86_64-linux-gnu/libgomp.so.1.0.0)
==4042==    by 0x4E5CD89: ??? (in /usr/lib/x86_64-linux-gnu/libgomp.so.1.0.0)
==4042==    by 0x400A4B: main._omp_fn.0 (programa1.c:28)
==4042==    by 0x4E5B43D: ??? (in /usr/lib/x86_64-linux-gnu/libgomp.so.1.0.0)
==4042==    by 0x4C3458B: ??? (in /usr/lib/valgrind/vgpreload_drd-amd64-linux.so)
==4042==    by 0x50756F9: start_thread (pthread_create.c:333)
==4042==    by 0x5391B5C: clone (clone.S:109)
==4042== 
--4042-- warning: evaluate_Dwarf3_Expr: unhandled DW_OP_ 0xf2
==4042== Conflicting load by thread 4 at 0xffefffd94 size 4
==4042==    at 0x400A5D: main._omp_fn.0 (programa1.c:30)
==4042==    by 0x4E5B43D: ??? (in /usr/lib/x86_64-linux-gnu/libgomp.so.1.0.0)
==4042==    by 0x4C3458B: ??? (in /usr/lib/valgrind/vgpreload_drd-amd64-linux.so)
==4042==    by 0x50756F9: start_thread (pthread_create.c:333)
==4042==    by 0x5391B5C: clone (clone.S:109)
==4042== Location 0xffefffd94 is 0 bytes inside local var "tid"
==4042== declared at programa1.c:7, in frame #2 of thread 1
==4042== Other segment start (thread 1)
==4042==    at 0x4C34AF3: pthread_create@* (in /usr/lib/valgrind/vgpreload_drd-amd64-linux.so)
==4042==    by 0x4E5B99F: ??? (in /usr/lib/x86_64-linux-gnu/libgomp.so.1.0.0)
==4042==    by 0x4E57CB9: GOMP_parallel (in /usr/lib/x86_64-linux-gnu/libgomp.so.1.0.0)
==4042==    by 0x400934: main (programa1.c:11)
==4042== Other segment end (thread 1)
==4042==    at 0x4E5DCE9: ??? (in /usr/lib/x86_64-linux-gnu/libgomp.so.1.0.0)
==4042==    by 0x4E5CD89: ??? (in /usr/lib/x86_64-linux-gnu/libgomp.so.1.0.0)
==4042==    by 0x400A4B: main._omp_fn.0 (programa1.c:28)
==4042==    by 0x4E57CBE: GOMP_parallel (in /usr/lib/x86_64-linux-gnu/libgomp.so.1.0.0)
==4042==    by 0x400934: main (programa1.c:11)
==4042== Other segment start (thread 2)
==4042==    at 0x5391B21: clone (clone.S:81)
==4042==    by 0x507562F: ??? (allocatestack.c:289)
==4042==    by 0x64586FF: ???
==4042== Other segment end (thread 2)
==4042==    at 0x4E5DCE9: ??? (in /usr/lib/x86_64-linux-gnu/libgomp.so.1.0.0)
==4042==    by 0x4E5CD89: ??? (in /usr/lib/x86_64-linux-gnu/libgomp.so.1.0.0)
==4042==    by 0x400A4B: main._omp_fn.0 (programa1.c:28)
==4042==    by 0x4E5B43D: ??? (in /usr/lib/x86_64-linux-gnu/libgomp.so.1.0.0)
==4042==    by 0x4C3458B: ??? (in /usr/lib/valgrind/vgpreload_drd-amd64-linux.so)
==4042==    by 0x50756F9: start_thread (pthread_create.c:333)
==4042==    by 0x5391B5C: clone (clone.S:109)
==4042== Other segment start (thread 3)
==4042==    at 0x5391B21: clone (clone.S:81)
==4042==    by 0x507562F: ??? (allocatestack.c:289)
==4042==    by 0x6C596FF: ???
==4042== Other segment end (thread 3)
==4042==    at 0x4E5DCE9: ??? (in /usr/lib/x86_64-linux-gnu/libgomp.so.1.0.0)
==4042==    by 0x4E5CD89: ??? (in /usr/lib/x86_64-linux-gnu/libgomp.so.1.0.0)
==4042==    by 0x400A4B: main._omp_fn.0 (programa1.c:28)
==4042==    by 0x4E5B43D: ??? (in /usr/lib/x86_64-linux-gnu/libgomp.so.1.0.0)
==4042==    by 0x4C3458B: ??? (in /usr/lib/valgrind/vgpreload_drd-amd64-linux.so)
==4042==    by 0x50756F9: start_thread (pthread_create.c:333)
==4042==    by 0x5391B5C: clone (clone.S:109)
==4042== 
==4042== Thread 1:
--4042-- warning: evaluate_Dwarf3_Expr: unhandled DW_OP_ 0xf2
==4042== Conflicting load by thread 1 at 0xffefffd98 size 4
==4042==    at 0x400A50: main._omp_fn.0 (programa1.c:30)
==4042==    by 0x4E57CBE: GOMP_parallel (in /usr/lib/x86_64-linux-gnu/libgomp.so.1.0.0)
==4042==    by 0x400934: main (programa1.c:11)
==4042== Location 0xffefffd98 is 0 bytes inside local var "total"
==4042== declared at programa1.c:8, in frame #0 of thread 1
==4042== Other segment start (thread 2)
==4042==    at 0x5391B21: clone (clone.S:81)
==4042==    by 0x507562F: ??? (allocatestack.c:289)
==4042==    by 0x64586FF: ???
==4042== Other segment end (thread 2)
==4042==    at 0x4E5DCE9: ??? (in /usr/lib/x86_64-linux-gnu/libgomp.so.1.0.0)
==4042==    by 0x4E5B449: ??? (in /usr/lib/x86_64-linux-gnu/libgomp.so.1.0.0)
==4042==    by 0x4C3458B: ??? (in /usr/lib/valgrind/vgpreload_drd-amd64-linux.so)
==4042==    by 0x50756F9: start_thread (pthread_create.c:333)
==4042==    by 0x5391B5C: clone (clone.S:109)
==4042== Other segment start (thread 3)
==4042==    at 0x5391B21: clone (clone.S:81)
==4042==    by 0x507562F: ??? (allocatestack.c:289)
==4042==    by 0x6C596FF: ???
==4042== Other segment end (thread 3)
==4042==    at 0x4E5DCE9: ??? (in /usr/lib/x86_64-linux-gnu/libgomp.so.1.0.0)
==4042==    by 0x4E5B449: ??? (in /usr/lib/x86_64-linux-gnu/libgomp.so.1.0.0)
==4042==    by 0x4C3458B: ??? (in /usr/lib/valgrind/vgpreload_drd-amd64-linux.so)
==4042==    by 0x50756F9: start_thread (pthread_create.c:333)
==4042==    by 0x5391B5C: clone (clone.S:109)
==4042== Other segment start (thread 4)
==4042==    at 0x5391B21: clone (clone.S:81)
==4042==    by 0x507562F: ??? (allocatestack.c:289)
==4042==    by 0x745A6FF: ???
==4042== Other segment end (thread 4)
==4042==    at 0x4E5DCE9: ??? (in /usr/lib/x86_64-linux-gnu/libgomp.so.1.0.0)
==4042==    by 0x4E5B449: ??? (in /usr/lib/x86_64-linux-gnu/libgomp.so.1.0.0)
==4042==    by 0x4C3458B: ??? (in /usr/lib/valgrind/vgpreload_drd-amd64-linux.so)
==4042==    by 0x50756F9: start_thread (pthread_create.c:333)
==4042==    by 0x5391B5C: clone (clone.S:109)
==4042== 
--4042-- warning: evaluate_Dwarf3_Expr: unhandled DW_OP_ 0xf2
==4042== Conflicting load by thread 1 at 0xffefffd94 size 4
==4042==    at 0x400A5D: main._omp_fn.0 (programa1.c:30)
==4042==    by 0x4E57CBE: GOMP_parallel (in /usr/lib/x86_64-linux-gnu/libgomp.so.1.0.0)
==4042==    by 0x400934: main (programa1.c:11)
==4042== Location 0xffefffd94 is 0 bytes inside local var "tid"
==4042== declared at programa1.c:7, in frame #0 of thread 1
==4042== Other segment start (thread 2)
==4042==    at 0x5391B21: clone (clone.S:81)
==4042==    by 0x507562F: ??? (allocatestack.c:289)
==4042==    by 0x64586FF: ???
==4042== Other segment end (thread 2)
==4042==    at 0x4E5DCE9: ??? (in /usr/lib/x86_64-linux-gnu/libgomp.so.1.0.0)
==4042==    by 0x4E5B449: ??? (in /usr/lib/x86_64-linux-gnu/libgomp.so.1.0.0)
==4042==    by 0x4C3458B: ??? (in /usr/lib/valgrind/vgpreload_drd-amd64-linux.so)
==4042==    by 0x50756F9: start_thread (pthread_create.c:333)
==4042==    by 0x5391B5C: clone (clone.S:109)
==4042== Other segment start (thread 3)
==4042==    at 0x5391B21: clone (clone.S:81)
==4042==    by 0x507562F: ??? (allocatestack.c:289)
==4042==    by 0x6C596FF: ???
==4042== Other segment end (thread 3)
==4042==    at 0x4E5DCE9: ??? (in /usr/lib/x86_64-linux-gnu/libgomp.so.1.0.0)
==4042==    by 0x4E5B449: ??? (in /usr/lib/x86_64-linux-gnu/libgomp.so.1.0.0)
==4042==    by 0x4C3458B: ??? (in /usr/lib/valgrind/vgpreload_drd-amd64-linux.so)
==4042==    by 0x50756F9: start_thread (pthread_create.c:333)
==4042==    by 0x5391B5C: clone (clone.S:109)
==4042== Other segment start (thread 4)
==4042==    at 0x5391B21: clone (clone.S:81)
==4042==    by 0x507562F: ??? (allocatestack.c:289)
==4042==    by 0x745A6FF: ???
==4042== Other segment end (thread 4)
==4042==    at 0x4E5DCE9: ??? (in /usr/lib/x86_64-linux-gnu/libgomp.so.1.0.0)
==4042==    by 0x4E5B449: ??? (in /usr/lib/x86_64-linux-gnu/libgomp.so.1.0.0)
==4042==    by 0x4C3458B: ??? (in /usr/lib/valgrind/vgpreload_drd-amd64-linux.so)
==4042==    by 0x50756F9: start_thread (pthread_create.c:333)
==4042==    by 0x5391B5C: clone (clone.S:109)
==4042== 
--4042-- warning: evaluate_Dwarf3_Expr: unhandled DW_OP_ 0xf2
--4042-- warning: evaluate_Dwarf3_Expr: unhandled DW_OP_ 0xf3
--4042-- warning: evaluate_Dwarf3_Expr: unhandled DW_OP_ 0xf3
--4042-- warning: evaluate_Dwarf3_Expr: unhandled DW_OP_ 0xf3
--4042-- warning: evaluate_Dwarf3_Expr: unhandled DW_OP_ 0xf3
--4042-- warning: evaluate_Dwarf3_Expr: unhandled DW_OP_ 0xf3
--4042-- warning: evaluate_Dwarf3_Expr: unhandled DW_OP_ 0xf3
==4042== Conflicting load by thread 1 at 0xffefffd94 size 4
==4042==    at 0x40093B: main (programa1.c:11)
==4042== Allocation context: unknown.
==4042== Other segment start (thread 2)
==4042==    at 0x5391B21: clone (clone.S:81)
==4042==    by 0x507562F: ??? (allocatestack.c:289)
==4042==    by 0x64586FF: ???
==4042== Other segment end (thread 2)
==4042==    at 0x4E5DCE9: ??? (in /usr/lib/x86_64-linux-gnu/libgomp.so.1.0.0)
==4042==    by 0x4E5B449: ??? (in /usr/lib/x86_64-linux-gnu/libgomp.so.1.0.0)
==4042==    by 0x4C3458B: ??? (in /usr/lib/valgrind/vgpreload_drd-amd64-linux.so)
==4042==    by 0x50756F9: start_thread (pthread_create.c:333)
==4042==    by 0x5391B5C: clone (clone.S:109)
==4042== Other segment start (thread 3)
==4042==    at 0x5391B21: clone (clone.S:81)
==4042==    by 0x507562F: ??? (allocatestack.c:289)
==4042==    by 0x6C596FF: ???
==4042== Other segment end (thread 3)
==4042==    at 0x4E5DCE9: ??? (in /usr/lib/x86_64-linux-gnu/libgomp.so.1.0.0)
==4042==    by 0x4E5B449: ??? (in /usr/lib/x86_64-linux-gnu/libgomp.so.1.0.0)
==4042==    by 0x4C3458B: ??? (in /usr/lib/valgrind/vgpreload_drd-amd64-linux.so)
==4042==    by 0x50756F9: start_thread (pthread_create.c:333)
==4042==    by 0x5391B5C: clone (clone.S:109)
==4042== Other segment start (thread 4)
==4042==    at 0x5391B21: clone (clone.S:81)
==4042==    by 0x507562F: ??? (allocatestack.c:289)
==4042==    by 0x745A6FF: ???
==4042== Other segment end (thread 4)
==4042==    at 0x4E5DCE9: ??? (in /usr/lib/x86_64-linux-gnu/libgomp.so.1.0.0)
==4042==    by 0x4E5B449: ??? (in /usr/lib/x86_64-linux-gnu/libgomp.so.1.0.0)
==4042==    by 0x4C3458B: ??? (in /usr/lib/valgrind/vgpreload_drd-amd64-linux.so)
==4042==    by 0x50756F9: start_thread (pthread_create.c:333)
==4042==    by 0x5391B5C: clone (clone.S:109)
==4042== 
--4042-- warning: evaluate_Dwarf3_Expr: unhandled DW_OP_ 0xf2
--4042-- warning: evaluate_Dwarf3_Expr: unhandled DW_OP_ 0xf3
--4042-- warning: evaluate_Dwarf3_Expr: unhandled DW_OP_ 0xf3
--4042-- warning: evaluate_Dwarf3_Expr: unhandled DW_OP_ 0xf3
--4042-- warning: evaluate_Dwarf3_Expr: unhandled DW_OP_ 0xf3
--4042-- warning: evaluate_Dwarf3_Expr: unhandled DW_OP_ 0xf3
--4042-- warning: evaluate_Dwarf3_Expr: unhandled DW_OP_ 0xf3
==4042== Conflicting load by thread 1 at 0xffefffd98 size 4
==4042==    at 0x400941: main (programa1.c:11)
==4042== Allocation context: unknown.
==4042== Other segment start (thread 2)
==4042==    at 0x5391B21: clone (clone.S:81)
==4042==    by 0x507562F: ??? (allocatestack.c:289)
==4042==    by 0x64586FF: ???
==4042== Other segment end (thread 2)
==4042==    at 0x4E5DCE9: ??? (in /usr/lib/x86_64-linux-gnu/libgomp.so.1.0.0)
==4042==    by 0x4E5B449: ??? (in /usr/lib/x86_64-linux-gnu/libgomp.so.1.0.0)
==4042==    by 0x4C3458B: ??? (in /usr/lib/valgrind/vgpreload_drd-amd64-linux.so)
==4042==    by 0x50756F9: start_thread (pthread_create.c:333)
==4042==    by 0x5391B5C: clone (clone.S:109)
==4042== Other segment start (thread 3)
==4042==    at 0x5391B21: clone (clone.S:81)
==4042==    by 0x507562F: ??? (allocatestack.c:289)
==4042==    by 0x6C596FF: ???
==4042== Other segment end (thread 3)
==4042==    at 0x4E5DCE9: ??? (in /usr/lib/x86_64-linux-gnu/libgomp.so.1.0.0)
==4042==    by 0x4E5B449: ??? (in /usr/lib/x86_64-linux-gnu/libgomp.so.1.0.0)
==4042==    by 0x4C3458B: ??? (in /usr/lib/valgrind/vgpreload_drd-amd64-linux.so)
==4042==    by 0x50756F9: start_thread (pthread_create.c:333)
==4042==    by 0x5391B5C: clone (clone.S:109)
==4042== Other segment start (thread 4)
==4042==    at 0x5391B21: clone (clone.S:81)
==4042==    by 0x507562F: ??? (allocatestack.c:289)
==4042==    by 0x745A6FF: ???
==4042== Other segment end (thread 4)
==4042==    at 0x4E5DCE9: ??? (in /usr/lib/x86_64-linux-gnu/libgomp.so.1.0.0)
==4042==    by 0x4E5B449: ??? (in /usr/lib/x86_64-linux-gnu/libgomp.so.1.0.0)
==4042==    by 0x4C3458B: ??? (in /usr/lib/valgrind/vgpreload_drd-amd64-linux.so)
==4042==    by 0x50756F9: start_thread (pthread_create.c:333)
==4042==    by 0x5391B5C: clone (clone.S:109)
==4042== 
==4042== 
==4042== For counts of detected and suppressed errors, rerun with: -v
==4042== ERROR SUMMARY: 196 errors from 14 contexts (suppressed: 295660 from 177)
